Dom@DESKTOP-3CP61EN MINGW32 /c/Dev/js/learnjs (master)
$ ./sspa deploy_bucket slq.learnjs.com
which: no aws in (/c/Users/Dom/bin:/mingw32/bin:/usr/local/bin:/usr/bin:/bin:/mingw32/bin:/usr/bin:/c/Users/Dom/bin:/c/D                                                                        ev/tools/Python/Python36/Scripts:/c/Dev/tools/Python/Python36:/c/Windows/system32:/c/Windows:/c/Windows/System32/Wbem:/c                                                                        /Windows/System32/WindowsPowerShell/v1.0:/c/Program Files (x86)/NVIDIA Corporation/PhysX/Common:/c/Program Files (x86)/S                                                                        kype/Phone:/c/Dev/tools/java/jdk1.8.0_71/bin:/c/Dev/tools/git/cmd:/c/Dev/tools/gradle/gradle-2.12/bin:/c/Dev/tools/herok                                                                        u/bin:/c/Program Files (x86)/git/cmd:/cmd:/c/Dev/tools/svn/TortoiseSVN/bin:/c/Dev/tools/maven/apache-maven-3.3.9/bin:/c/                                                                        Dev/tools/nodejs:/c/Dev/tools/scala/bin:/c/Dev/tools/sbt/bin:/c/Dev/tools/groovy/groovy-2.4.7/bin:/c/Users/Dom/AppData/R                                                                        oaming/npm:/usr/bin/vendor_perl:/usr/bin/core_perl)
Can't find AWS CLI. Install 'awscli' using pip.

Dom@DESKTOP-3CP61EN MINGW32 /c/Dev/js/learnjs (master)
$ pip install awscli
Collecting awscli
  Downloading awscli-1.11.31-py2.py3-none-any.whl (1.1MB)
Collecting s3transfer<0.2.0,>=0.1.9 (from awscli)
  Downloading s3transfer-0.1.10-py2.py3-none-any.whl (54kB)
Collecting PyYAML<=3.12,>=3.10 (from awscli)
  Downloading PyYAML-3.12.tar.gz (253kB)
Collecting colorama<=0.3.7,>=0.2.5 (from awscli)
  Downloading colorama-0.3.7-py2.py3-none-any.whl
Collecting botocore==1.4.88 (from awscli)
  Downloading botocore-1.4.88-py2.py3-none-any.whl (3.1MB)
Collecting rsa<=3.5.0,>=3.1.2 (from awscli)
  Downloading rsa-3.4.2-py2.py3-none-any.whl (46kB)
Collecting docutils>=0.10 (from awscli)
  Downloading docutils-0.13.1-py3-none-any.whl (536kB)
Collecting jmespath<1.0.0,>=0.7.1 (from botocore==1.4.88->awscli)
  Downloading jmespath-0.9.0-py2.py3-none-any.whl
Collecting python-dateutil<3.0.0,>=2.1 (from botocore==1.4.88->awscli)
  Downloading python_dateutil-2.6.0-py2.py3-none-any.whl (194kB)
Collecting pyasn1>=0.1.3 (from rsa<=3.5.0,>=3.1.2->awscli)
  Downloading pyasn1-0.1.9-py2.py3-none-any.whl
Collecting six>=1.5 (from python-dateutil<3.0.0,>=2.1->botocore==1.4.88->awscli)
  Downloading six-1.10.0-py2.py3-none-any.whl
Installing collected packages: jmespath, six, python-dateutil, docutils, botocore, s3transfer, PyYAML, colorama, pyasn1, rsa, awscli
  Running setup.py install for PyYAML: started
    Running setup.py install for PyYAML: finished with status 'done'
Successfully installed PyYAML-3.12 awscli-1.11.31 botocore-1.4.88 colorama-0.3.7 docutils-0.13.1 jmespath-0.9.0 pyasn1-0.1.9 python-dateutil-2.6.0 rsa-3.4.2 s3transfer-0.1.10 six-1.10.0

